<?xml version="1.0" encoding="UTF-8"?>
<!-- Generated by org.testng.reporters.JUnitReportReporter -->
<testsuite skipped="0" hostname="MainPc" name="website.Test_HomePage_LowerBanner" tests="22" failures="0" timestamp="21 Dec 2016 10:25:33 GMT" time="273.103" errors="0">
  <testcase name="invoke_browser" time="2.129" classname="website.Test_HomePage_LowerBanner"/>
  <testcase name="MainPage_LowerBanner_Click_Products_Overview" time="13.641" classname="website.Test_HomePage_LowerBanner"/>
  <testcase name="close_browser" time="3.024" classname="website.Test_HomePage_LowerBanner"/>
  <testcase name="MainPage_LowerBanner_Click_Products_SmartnumbersMobile" time="13.639" classname="website.Test_HomePage_LowerBanner"/>
  <testcase name="MainPage_LowerBanner_Click_AboutUs_Careers" time="13.770" classname="website.Test_HomePage_LowerBanner"/>
  <testcase name="MainPage_LowerBanner_Click_Solutions_OfficeMoves" time="13.617" classname="website.Test_HomePage_LowerBanner"/>
  <testcase name="MainPage_LowerBanner_Click_Partners_Overview" time="13.496" classname="website.Test_HomePage_LowerBanner"/>
  <testcase name="MainPage_LowerBanner_Click_AboutUs_SocialResponsibility" time="13.624" classname="website.Test_HomePage_LowerBanner"/>
  <testcase name="MainPage_LowerBanner_Click_Solutions_FaceToFaceRecording" time="13.627" classname="website.Test_HomePage_LowerBanner"/>
  <testcase name="MainPage_LowerBanner_Click_Solutions_TwoNumbersOneMobile" time="13.622" classname="website.Test_HomePage_LowerBanner"/>
  <testcase name="navigateToSite" time="5.241" classname="website.Test_HomePage_LowerBanner"/>
  <testcase name="MainPage_LowerBanner_Click_Products_SmartnumbersCallRecording" time="13.585" classname="website.Test_HomePage_LowerBanner"/>
  <testcase name="MainPage_LowerBanner_Click_Partners_TechnologyPartners" time="13.674" classname="website.Test_HomePage_LowerBanner"/>
  <testcase name="MainPage_LowerBanner_Click_AboutUs_News" time="14.496" classname="website.Test_HomePage_LowerBanner"/>
  <testcase name="MainPage_LowerBanner_Click_Products_SmartnumbersControl" time="13.607" classname="website.Test_HomePage_LowerBanner"/>
  <testcase name="MainPage_LowerBanner_Click_Solutions_CallRecording" time="13.562" classname="website.Test_HomePage_LowerBanner"/>
  <testcase name="MainPage_LowerBanner_Click_AboutUs_Overview" time="13.586" classname="website.Test_HomePage_LowerBanner"/>
  <testcase name="MainPage_LowerBanner_Click_Solutions_Overview" time="13.576" classname="website.Test_HomePage_LowerBanner"/>
  <testcase name="MainPage_LowerBanner_Click_AboutUs_Management" time="16.709" classname="website.Test_HomePage_LowerBanner"/>
  <testcase name="MainPage_LowerBanner_Click_Products_SmartnumbersFaceToFaceRecording" time="13.694" classname="website.Test_HomePage_LowerBanner"/>
  <testcase name="MainPage_LowerBanner_Click_Partners_DistributionPartners" time="13.576" classname="website.Test_HomePage_LowerBanner"/>
  <testcase name="MainPage_LowerBanner_Click_Solutions_BusinessContinuity" time="13.608" classname="website.Test_HomePage_LowerBanner"/>
</testsuite> <!-- website.Test_HomePage_LowerBanner -->
