<?xml version="1.0" encoding="UTF-8"?>
<!-- Generated by org.testng.reporters.JUnitReportReporter -->
<testsuite skipped="0" hostname="MainPc" name="website.Test_HomePage_CustomerTestimonials" tests="6" failures="0" timestamp="22 Dec 2016 12:50:01 GMT" time="64.719" errors="0">
  <testcase name="GoTo_HomePage" time="7.222" classname="website.Test_HomePage_CustomerTestimonials"/>
  <testcase name="MainPage_CustomerTestimonials_Click_BT" time="13.733" classname="website.Test_HomePage_CustomerTestimonials"/>
  <testcase name="MainPage_CustomerTestimonials_Click_Sainsburys" time="13.551" classname="website.Test_HomePage_CustomerTestimonials"/>
  <testcase name="MainPage_CustomerTestimonials_Click_NorthamptonBoroughCouncil" time="13.557" classname="website.Test_HomePage_CustomerTestimonials"/>
  <testcase name="MainPage_CustomerTestimonials_Click_Cambridgeshire" time="13.694" classname="website.Test_HomePage_CustomerTestimonials"/>
  <testcase name="Close_Browser" time="2.962" classname="website.Test_HomePage_CustomerTestimonials"/>
</testsuite> <!-- website.Test_HomePage_CustomerTestimonials -->
