<?xml version="1.0" encoding="UTF-8"?>
<!-- Generated by org.testng.reporters.JUnitReportReporter -->
<testsuite skipped="0" hostname="MainPc" name="website.Test_ResourcesPage" tests="28" failures="0" timestamp="21 Dec 2016 12:57:22 GMT" time="382.148" errors="0">
  <testcase name="ResourcesPage_Click_Compliant_Mobile_Call_Recording_Solution_brief" time="14.113" classname="website.Test_ResourcesPage"/>
  <testcase name="ResourcesPage_Click_De_Risk_Office_Moves_Solution_Brief" time="14.214" classname="website.Test_ResourcesPage"/>
  <testcase name="ResourcesPage_Click_Smartnumbers_Mobile_Datasheet" time="14.165" classname="website.Test_ResourcesPage"/>
  <testcase name="ResourcesPage_Click_Smart_Guide_To_The_Costs_And_Risks_of_Allowing_Business_And_Personal_Calls_On_One_Phone" time="14.450" classname="website.Test_ResourcesPage"/>
  <testcase name="ResourcesPage_Click_Byod_Voice_Made_Easy_Solution_Brief" time="14.550" classname="website.Test_ResourcesPage"/>
  <testcase name="ResourcesPage_Click_Top_5_Benifits_of_Smartnumbers_for_FixedLlineTtelephony" time="14.240" classname="website.Test_ResourcesPage"/>
  <testcase name="ResourcesPage_Click_Face_To_Face_Recording_for_Financial_Services_a_Growing_Imperative" time="14.335" classname="website.Test_ResourcesPage"/>
  <testcase name="ResourcesPage_Click_Legal_Sector_Industry_Brief" time="14.333" classname="website.Test_ResourcesPage"/>
  <testcase name="ResourcesPage_Click_One_Public_Estate_for_Number_Management_Success_Stories" time="14.272" classname="website.Test_ResourcesPage"/>
  <testcase name="ResourcesPage_Click_Smartnumbers_Control_Datasheet" time="14.205" classname="website.Test_ResourcesPage"/>
  <testcase name="ResourcesPage_Click_Protect_Critical_Numbers_Solution_Brief" time="14.192" classname="website.Test_ResourcesPage"/>
  <testcase name="ResourcesPage_Click_Smartnumbers_Face_To_Face_Recording_Datasheet" time="14.189" classname="website.Test_ResourcesPage"/>
  <testcase name="ResourcesPage_Click_Byod_Voice_The_Lost_Piece_of_The_Byod_Puzzle" time="14.421" classname="website.Test_ResourcesPage"/>
  <testcase name="ResourcesPage_Click_Recording_Conversations_Under_Mifid_a_Quick_Guide_To_Compliance" time="14.122" classname="website.Test_ResourcesPage"/>
  <testcase name="ResourcesPage_Click_How_Smartnumbers_Puts_You_In_Control_of_Your_Communications" time="14.261" classname="website.Test_ResourcesPage"/>
  <testcase name="ResourcesPage_Click_Five_Questions_To_Ask_When_Moving_Your_Telecoms_To_New_Premises" time="14.220" classname="website.Test_ResourcesPage"/>
  <testcase name="ResourcesPage_Click_Mobile_Call_Recording_Ebook" time="13.586" classname="website.Test_ResourcesPage"/>
  <testcase name="ResourcesPage_Click_Smartnumbers_Call_Recording_Datasheet" time="14.233" classname="website.Test_ResourcesPage"/>
  <testcase name="ResourcesPage_Click_Insurance_Industry_Brief" time="14.376" classname="website.Test_ResourcesPage"/>
  <testcase name="ResourcesPage_Click_Mifid_Smart_Guide_To_Mobile_Call_Recording" time="14.258" classname="website.Test_ResourcesPage"/>
  <testcase name="ResourcesPage_Click_Mifid_Ebook" time="14.282" classname="website.Test_ResourcesPage"/>
  <testcase name="ResourcesPage_Click_One_Public_Estate_Maintaining_Business_Continuity_During_Estate_Rationalisation" time="14.347" classname="website.Test_ResourcesPage"/>
  <testcase name="ResourcesPage_Click_The_Enterprise_Mobile_For_Sales_Organisations" time="14.217" classname="website.Test_ResourcesPage"/>
  <testcase name="public_sector_industry_brief" time="14.154" classname="website.Test_ResourcesPage"/>
  <testcase name="Close_Browser" time="3.116" classname="website.Test_ResourcesPage"/>
  <testcase name="ResourcesPage_Click_Keeping_You_In_Control_During_Sip_Migration" time="15.331" classname="website.Test_ResourcesPage"/>
  <testcase name="Goto_Resources_Page" time="7.789" classname="website.Test_ResourcesPage"/>
  <testcase name="ResourcesPage_Click_Sustainability_And_The_Corporate_Mobile_Ebook" time="14.177" classname="website.Test_ResourcesPage"/>
</testsuite> <!-- website.Test_ResourcesPage -->
