<?xml version="1.0" encoding="UTF-8"?>
<!-- Generated by org.testng.reporters.JUnitReportReporter -->
<testsuite skipped="0" hostname="Main-Pc" name="common.Common_Config" tests="1" failures="0" timestamp="14 Nov 2016 07:16:41 GMT" time="2.403" errors="0">
  <testcase name="launchBrowser" time="2.403" classname="common.Common_Config"/>
</testsuite> <!-- common.Common_Config -->
