<?xml version="1.0" encoding="UTF-8"?>
<!-- Generated by org.testng.reporters.JUnitReportReporter -->
<testsuite skipped="0" hostname="MainPc" name="website.Test_Products_OverviewPage" tests="5" failures="0" timestamp="21 Dec 2016 22:37:46 GMT" time="66.965" errors="0">
  <testcase name="GoToMainHomePage" time="8.185" classname="website.Test_Products_OverviewPage"/>
  <testcase name="Products_OverView_SmartnumbersCallRecording_FindOutMore" time="14.681" classname="website.Test_Products_OverviewPage"/>
  <testcase name="Products_OverView_SmartnumbersFaceToFace_FindOutMore" time="14.650" classname="website.Test_Products_OverviewPage"/>
  <testcase name="Products_OverView_SmartnumbersMobile_FindOutMore" time="14.815" classname="website.Test_Products_OverviewPage"/>
  <testcase name="Products_OverView_SmartnumbersControl__FindOutMore" time="14.634" classname="website.Test_Products_OverviewPage"/>
</testsuite> <!-- website.Test_Products_OverviewPage -->
