<?xml version="1.0" encoding="UTF-8"?>
<!-- Generated by org.testng.reporters.JUnitReportReporter -->
<testsuite skipped="0" hostname="MainPc" name="website.Test_HomePage_MenueOptions" tests="24" failures="0" timestamp="12 Dec 2016 08:12:25 GMT" time="351.754" errors="0">
  <testcase name="AboutUs_Resources" time="14.080" classname="website.Test_HomePage_MenueOptions"/>
  <testcase name="products_Overview" time="14.930" classname="website.Test_HomePage_MenueOptions"/>
  <testcase name="solutionsMenu_OfficeMoves" time="14.281" classname="website.Test_HomePage_MenueOptions"/>
  <testcase name="partners_Overview" time="14.143" classname="website.Test_HomePage_MenueOptions"/>
  <testcase name="products_SmartnumbersControl" time="14.211" classname="website.Test_HomePage_MenueOptions"/>
  <testcase name="AboutUs_News" time="15.486" classname="website.Test_HomePage_MenueOptions"/>
  <testcase name="partners_DistributionPartners" time="14.294" classname="website.Test_HomePage_MenueOptions"/>
  <testcase name="AboutUs_Overview" time="23.381" classname="website.Test_HomePage_MenueOptions"/>
  <testcase name="solutionsMenue_overview" time="13.976" classname="website.Test_HomePage_MenueOptions"/>
  <testcase name="AboutUs_Blog" time="14.307" classname="website.Test_HomePage_MenueOptions"/>
  <testcase name="AboutUs_Careers" time="14.343" classname="website.Test_HomePage_MenueOptions"/>
  <testcase name="products_SmartnumbersMobile" time="14.562" classname="website.Test_HomePage_MenueOptions"/>
  <testcase name="PrivacyPolicy" time="14.270" classname="website.Test_HomePage_MenueOptions"/>
  <testcase name="solutionsMenue_TwoNumbersOneMobile" time="14.359" classname="website.Test_HomePage_MenueOptions"/>
  <testcase name="solutionsMenu_BusinessContinuity" time="14.341" classname="website.Test_HomePage_MenueOptions"/>
  <testcase name="partners_TechnologyPartners" time="14.412" classname="website.Test_HomePage_MenueOptions"/>
  <testcase name="AboutUs_SocialResponsibility" time="14.493" classname="website.Test_HomePage_MenueOptions"/>
  <testcase name="products_SmartnumbersCallRecording" time="14.206" classname="website.Test_HomePage_MenueOptions"/>
  <testcase name="TermsAndConditions" time="14.252" classname="website.Test_HomePage_MenueOptions"/>
  <testcase name="customers" time="14.382" classname="website.Test_HomePage_MenueOptions"/>
  <testcase name="AboutUs_Management" time="14.614" classname="website.Test_HomePage_MenueOptions"/>
  <testcase name="solutionsMenu_CallRecording" time="14.627" classname="website.Test_HomePage_MenueOptions"/>
  <testcase name="solutionsMenu_FaceToFaceRecording" time="11.474" classname="website.Test_HomePage_MenueOptions"/>
  <testcase name="products_SmartnumbersFaceToFaceRecording" time="14.330" classname="website.Test_HomePage_MenueOptions"/>
</testsuite> <!-- website.Test_HomePage_MenueOptions -->
