<?xml version="1.0" encoding="UTF-8"?>
<!-- Generated by org.testng.reporters.JUnitReportReporter -->
<testsuite skipped="0" hostname="MainPc" name="website.Test_HomePage_FindOutMoreOptions" tests="7" failures="0" timestamp="12 Dec 2016 08:12:25 GMT" time="67.741" errors="0">
  <testcase name="close_browser" time="3.163" classname="website.Test_HomePage_FindOutMoreOptions"/>
  <testcase name="office_move_find_out_more" time="14.088" classname="website.Test_HomePage_FindOutMoreOptions"/>
  <testcase name="face_to_face_find_out_more" time="10.949" classname="website.Test_HomePage_FindOutMoreOptions"/>
  <testcase name="call_recording_find_out_more" time="10.563" classname="website.Test_HomePage_FindOutMoreOptions"/>
  <testcase name="two_numbers_one_mobile_find_out_more" time="10.547" classname="website.Test_HomePage_FindOutMoreOptions"/>
  <testcase name="goto_home_page_findout_more" time="7.730" classname="website.Test_HomePage_FindOutMoreOptions"/>
  <testcase name="business_continuity_find_out_more" time="10.701" classname="website.Test_HomePage_FindOutMoreOptions"/>
</testsuite> <!-- website.Test_HomePage_FindOutMoreOptions -->
