<?xml version="1.0" encoding="UTF-8"?>
<!-- Generated by org.testng.reporters.JUnitReportReporter -->
<testsuite skipped="0" hostname="MainPc" name="homePage.Home_Screen_Menue" tests="24" failures="0" timestamp="1 Dec 2016 17:43:40 GMT" time="343.693" errors="0">
  <testcase name="PrivacyPolicy" time="15.213" classname="homePage.Home_Screen_Menue"/>
  <testcase name="customers" time="14.127" classname="homePage.Home_Screen_Menue"/>
  <testcase name="AboutUs_Management" time="12.505" classname="homePage.Home_Screen_Menue"/>
  <testcase name="AboutUs_Blog" time="14.297" classname="homePage.Home_Screen_Menue"/>
  <testcase name="products_SmartnumbersMobile" time="15.350" classname="homePage.Home_Screen_Menue"/>
  <testcase name="solutionsMenu_CallRecording" time="14.568" classname="homePage.Home_Screen_Menue"/>
  <testcase name="TermsAndConditions" time="13.311" classname="homePage.Home_Screen_Menue"/>
  <testcase name="solutionsMenu_OfficeMoves" time="16.775" classname="homePage.Home_Screen_Menue"/>
  <testcase name="AboutUs_Careers" time="14.385" classname="homePage.Home_Screen_Menue"/>
  <testcase name="products_Overview" time="14.369" classname="homePage.Home_Screen_Menue"/>
  <testcase name="solutionsMenu_FaceToFaceRecording" time="10.520" classname="homePage.Home_Screen_Menue"/>
  <testcase name="AboutUs_Resources" time="15.285" classname="homePage.Home_Screen_Menue"/>
  <testcase name="partners_TechnologyPartners" time="15.420" classname="homePage.Home_Screen_Menue"/>
  <testcase name="partners_DistributionPartners" time="13.342" classname="homePage.Home_Screen_Menue"/>
  <testcase name="AboutUs_News" time="15.463" classname="homePage.Home_Screen_Menue"/>
  <testcase name="AboutUs_Overview" time="13.525" classname="homePage.Home_Screen_Menue"/>
  <testcase name="products_SmartnumbersCallRecording" time="13.483" classname="homePage.Home_Screen_Menue"/>
  <testcase name="products_SmartnumbersFaceToFaceRecording" time="12.383" classname="homePage.Home_Screen_Menue"/>
  <testcase name="AboutUs_SocialResponsibility" time="12.474" classname="homePage.Home_Screen_Menue"/>
  <testcase name="solutionsMenue_overview" time="18.176" classname="homePage.Home_Screen_Menue"/>
  <testcase name="products_SmartnumbersControl" time="13.178" classname="homePage.Home_Screen_Menue"/>
  <testcase name="partners_Overview" time="16.018" classname="homePage.Home_Screen_Menue"/>
  <testcase name="solutionsMenue_TwoNumbersOneMobile" time="17.291" classname="homePage.Home_Screen_Menue"/>
  <testcase name="solutionsMenu_BusinessContinuity" time="12.235" classname="homePage.Home_Screen_Menue"/>
</testsuite> <!-- homePage.Home_Screen_Menue -->
