<?xml version="1.0" encoding="UTF-8"?>
<!-- Generated by org.testng.reporters.JUnitReportReporter -->
<testsuite skipped="0" hostname="MainPc" name="website.Test_Privacy_Policy" tests="3" failures="0" timestamp="22 Dec 2016 12:50:01 GMT" time="20.334" errors="0">
  <testcase name="PrivacyPolicy" time="10.014" classname="website.Test_Privacy_Policy"/>
  <testcase name="GoToMainHomePage" time="7.313" classname="website.Test_Privacy_Policy"/>
  <testcase name="Close_Browser" time="3.007" classname="website.Test_Privacy_Policy"/>
</testsuite> <!-- website.Test_Privacy_Policy -->
