<?xml version="1.0" encoding="UTF-8"?>
<!-- Generated by org.testng.reporters.JUnitReportReporter -->
<testsuite skipped="0" hostname="MainPc" name="website.Test_Privacy_Policy" tests="2" failures="0" timestamp="12 Dec 2016 20:03:44 GMT" time="19.479" errors="0">
  <testcase name="gotoMainHomePage" time="8.410" classname="website.Test_Privacy_Policy"/>
  <testcase name="privacyPolicy" time="11.069" classname="website.Test_Privacy_Policy"/>
</testsuite> <!-- website.Test_Privacy_Policy -->
