<?xml version="1.0" encoding="UTF-8"?>
<!-- Generated by org.testng.reporters.JUnitReportReporter -->
<testsuite skipped="0" hostname="MainPc" name="website.Test_HomePage_LowerBanner" tests="22" failures="0" timestamp="22 Dec 2016 12:50:01 GMT" time="273.129" errors="0">
  <testcase name="invoke_browser" time="2.155" classname="website.Test_HomePage_LowerBanner"/>
  <testcase name="MainPage_LowerBanner_Click_Products_Overview" time="13.525" classname="website.Test_HomePage_LowerBanner"/>
  <testcase name="close_browser" time="3.018" classname="website.Test_HomePage_LowerBanner"/>
  <testcase name="MainPage_LowerBanner_Click_Products_SmartnumbersMobile" time="13.574" classname="website.Test_HomePage_LowerBanner"/>
  <testcase name="MainPage_LowerBanner_Click_AboutUs_Careers" time="13.840" classname="website.Test_HomePage_LowerBanner"/>
  <testcase name="MainPage_LowerBanner_Click_Solutions_OfficeMoves" time="13.744" classname="website.Test_HomePage_LowerBanner"/>
  <testcase name="MainPage_LowerBanner_Click_Partners_Overview" time="13.608" classname="website.Test_HomePage_LowerBanner"/>
  <testcase name="MainPage_LowerBanner_Click_AboutUs_SocialResponsibility" time="13.491" classname="website.Test_HomePage_LowerBanner"/>
  <testcase name="MainPage_LowerBanner_Click_Solutions_FaceToFaceRecording" time="13.656" classname="website.Test_HomePage_LowerBanner"/>
  <testcase name="MainPage_LowerBanner_Click_Solutions_TwoNumbersOneMobile" time="13.639" classname="website.Test_HomePage_LowerBanner"/>
  <testcase name="navigateToSite" time="5.062" classname="website.Test_HomePage_LowerBanner"/>
  <testcase name="MainPage_LowerBanner_Click_Products_SmartnumbersCallRecording" time="13.671" classname="website.Test_HomePage_LowerBanner"/>
  <testcase name="MainPage_LowerBanner_Click_Partners_TechnologyPartners" time="13.551" classname="website.Test_HomePage_LowerBanner"/>
  <testcase name="MainPage_LowerBanner_Click_AboutUs_News" time="14.380" classname="website.Test_HomePage_LowerBanner"/>
  <testcase name="MainPage_LowerBanner_Click_Products_SmartnumbersControl" time="13.663" classname="website.Test_HomePage_LowerBanner"/>
  <testcase name="MainPage_LowerBanner_Click_Solutions_CallRecording" time="13.594" classname="website.Test_HomePage_LowerBanner"/>
  <testcase name="MainPage_LowerBanner_Click_AboutUs_Overview" time="13.609" classname="website.Test_HomePage_LowerBanner"/>
  <testcase name="MainPage_LowerBanner_Click_Solutions_Overview" time="13.784" classname="website.Test_HomePage_LowerBanner"/>
  <testcase name="MainPage_LowerBanner_Click_AboutUs_Management" time="16.642" classname="website.Test_HomePage_LowerBanner"/>
  <testcase name="MainPage_LowerBanner_Click_Products_SmartnumbersFaceToFaceRecording" time="13.614" classname="website.Test_HomePage_LowerBanner"/>
  <testcase name="MainPage_LowerBanner_Click_Partners_DistributionPartners" time="13.624" classname="website.Test_HomePage_LowerBanner"/>
  <testcase name="MainPage_LowerBanner_Click_Solutions_BusinessContinuity" time="13.685" classname="website.Test_HomePage_LowerBanner"/>
</testsuite> <!-- website.Test_HomePage_LowerBanner -->
