<?xml version="1.0" encoding="UTF-8"?>
<!-- Generated by org.testng.reporters.JUnitReportReporter -->
<testsuite skipped="0" hostname="MainPc" name="website.Test_ResourcesPage" tests="28" failures="0" timestamp="22 Dec 2016 12:50:01 GMT" time="391.569" errors="0">
  <testcase name="ResourcesPage_Click_One_Public_Estate_Maintaining_Business_Continuity_During_Estate_Rationalisation" time="14.798" classname="website.Test_ResourcesPage"/>
  <testcase name="ResourcesPage_Click_Byod_Voice_The_Lost_Piece_of_The_Byod_Puzzle" time="14.791" classname="website.Test_ResourcesPage"/>
  <testcase name="ResourcesPage_Click_Smartnumbers_Face_To_Face_Recording_Datasheet" time="14.727" classname="website.Test_ResourcesPage"/>
  <testcase name="ResourcesPage_Click_Sustainability_And_The_Corporate_Mobile_Ebook" time="13.698" classname="website.Test_ResourcesPage"/>
  <testcase name="ResourcesPage_Click_Keeping_You_In_Control_During_Sip_Migration" time="14.766" classname="website.Test_ResourcesPage"/>
  <testcase name="ResourcesPage_Click_One_Public_Estate_for_Number_Management_Success_Stories" time="14.836" classname="website.Test_ResourcesPage"/>
  <testcase name="ResourcesPage_Click_How_Smartnumbers_Puts_You_In_Control_of_Your_Communications" time="14.266" classname="website.Test_ResourcesPage"/>
  <testcase name="ResourcesPage_Click_Insurance_Industry_Brief" time="14.691" classname="website.Test_ResourcesPage"/>
  <testcase name="ResourcesPage_Click_Mifid_Ebook" time="14.278" classname="website.Test_ResourcesPage"/>
  <testcase name="ResourcesPage_Click_Mobile_Call_Recording_Ebook" time="14.678" classname="website.Test_ResourcesPage"/>
  <testcase name="ResourcesPage_Click_Face_To_Face_Recording_for_Financial_Services_a_Growing_Imperative" time="14.706" classname="website.Test_ResourcesPage"/>
  <testcase name="ResourcesPage_Click_The_Enterprise_Mobile_For_Sales_Organisations" time="14.799" classname="website.Test_ResourcesPage"/>
  <testcase name="public_sector_industry_brief" time="14.659" classname="website.Test_ResourcesPage"/>
  <testcase name="ResourcesPage_Click_Protect_Critical_Numbers_Solution_Brief" time="14.618" classname="website.Test_ResourcesPage"/>
  <testcase name="Goto_Resources_Page" time="7.311" classname="website.Test_ResourcesPage"/>
  <testcase name="ResourcesPage_Click_Byod_Voice_Made_Easy_Solution_Brief" time="15.038" classname="website.Test_ResourcesPage"/>
  <testcase name="ResourcesPage_Click_Top_5_Benifits_of_Smartnumbers_for_FixedLlineTtelephony" time="14.725" classname="website.Test_ResourcesPage"/>
  <testcase name="ResourcesPage_Click_Mifid_Smart_Guide_To_Mobile_Call_Recording" time="14.750" classname="website.Test_ResourcesPage"/>
  <testcase name="ResourcesPage_Click_Smartnumbers_Mobile_Datasheet" time="14.247" classname="website.Test_ResourcesPage"/>
  <testcase name="Close_Browser" time="3.077" classname="website.Test_ResourcesPage"/>
  <testcase name="ResourcesPage_Click_Smartnumbers_Control_Datasheet" time="14.928" classname="website.Test_ResourcesPage"/>
  <testcase name="ResourcesPage_Click_Recording_Conversations_Under_Mifid_a_Quick_Guide_To_Compliance" time="14.667" classname="website.Test_ResourcesPage"/>
  <testcase name="ResourcesPage_Click_Compliant_Mobile_Call_Recording_Solution_brief" time="14.716" classname="website.Test_ResourcesPage"/>
  <testcase name="ResourcesPage_Click_Smartnumbers_Call_Recording_Datasheet" time="14.674" classname="website.Test_ResourcesPage"/>
  <testcase name="ResourcesPage_Click_De_Risk_Office_Moves_Solution_Brief" time="14.790" classname="website.Test_ResourcesPage"/>
  <testcase name="ResourcesPage_Click_Legal_Sector_Industry_Brief" time="14.770" classname="website.Test_ResourcesPage"/>
  <testcase name="ResourcesPage_Click_Five_Questions_To_Ask_When_Moving_Your_Telecoms_To_New_Premises" time="14.763" classname="website.Test_ResourcesPage"/>
  <testcase name="ResourcesPage_Click_Smart_Guide_To_The_Costs_And_Risks_of_Allowing_Business_And_Personal_Calls_On_One_Phone" time="14.802" classname="website.Test_ResourcesPage"/>
</testsuite> <!-- website.Test_ResourcesPage -->
