<?xml version="1.0" encoding="UTF-8"?>
<!-- Generated by org.testng.reporters.JUnitReportReporter -->
<testsuite skipped="0" hostname="MainPc" name="website.Test_HomePage_SmartnumbersBusinessServices" tests="6" failures="0" timestamp="21 Dec 2016 10:25:33 GMT" time="64.615" errors="0">
  <testcase name="MainPage_SmartnumbersBusinessServices_Click_FaceToFaceRecording" time="13.532" classname="website.Test_HomePage_SmartnumbersBusinessServices"/>
  <testcase name="gotoMainHomePage" time="7.203" classname="website.Test_HomePage_SmartnumbersBusinessServices"/>
  <testcase name="MainPage_SmartnumbersBusinessServices_Click__BusinessContinuity" time="13.535" classname="website.Test_HomePage_SmartnumbersBusinessServices"/>
  <testcase name="MainPage_SmartnumbersBusinessServices_Click_TwoNumbersOneMobile" time="13.610" classname="website.Test_HomePage_SmartnumbersBusinessServices"/>
  <testcase name="MainPage_SmartnumbersBusinessServices_Click_CallRecording" time="13.726" classname="website.Test_HomePage_SmartnumbersBusinessServices"/>
  <testcase name="close_browser" time="3.009" classname="website.Test_HomePage_SmartnumbersBusinessServices"/>
</testsuite> <!-- website.Test_HomePage_SmartnumbersBusinessServices -->
