<?xml version="1.0" encoding="UTF-8"?>
<!-- Generated by org.testng.reporters.JUnitReportReporter -->
<testsuite skipped="0" hostname="MainPc" name="website.Test_HomePage_SmartnumbersBusinessServices" tests="6" failures="0" timestamp="22 Dec 2016 12:50:01 GMT" time="64.829" errors="0">
  <testcase name="MainPage_SmartnumbersBusinessServices_Click_FaceToFaceRecording" time="13.592" classname="website.Test_HomePage_SmartnumbersBusinessServices"/>
  <testcase name="gotoMainHomePage" time="7.249" classname="website.Test_HomePage_SmartnumbersBusinessServices"/>
  <testcase name="MainPage_SmartnumbersBusinessServices_Click__BusinessContinuity" time="13.622" classname="website.Test_HomePage_SmartnumbersBusinessServices"/>
  <testcase name="MainPage_SmartnumbersBusinessServices_Click_TwoNumbersOneMobile" time="13.695" classname="website.Test_HomePage_SmartnumbersBusinessServices"/>
  <testcase name="MainPage_SmartnumbersBusinessServices_Click_CallRecording" time="13.705" classname="website.Test_HomePage_SmartnumbersBusinessServices"/>
  <testcase name="close_browser" time="2.966" classname="website.Test_HomePage_SmartnumbersBusinessServices"/>
</testsuite> <!-- website.Test_HomePage_SmartnumbersBusinessServices -->
