<?xml version="1.0" encoding="UTF-8"?>
<!-- Generated by org.testng.reporters.JUnitReportReporter -->
<testsuite skipped="0" hostname="MainPc" name="website.Test_Products_OverviewPage" tests="5" failures="0" timestamp="22 Dec 2016 12:50:01 GMT" time="65.283" errors="0">
  <testcase name="Products_OverView_SmartnumbersFaceToFace_FindOutMore" time="14.505" classname="website.Test_Products_OverviewPage"/>
  <testcase name="GoToMainHomePage" time="7.207" classname="website.Test_Products_OverviewPage"/>
  <testcase name="Products_OverView_SmartnumbersCallRecording_FindOutMore" time="14.644" classname="website.Test_Products_OverviewPage"/>
  <testcase name="Products_OverView_SmartnumbersMobile_FindOutMore" time="14.507" classname="website.Test_Products_OverviewPage"/>
  <testcase name="Products_OverView_SmartnumbersControl__FindOutMore" time="14.420" classname="website.Test_Products_OverviewPage"/>
</testsuite> <!-- website.Test_Products_OverviewPage -->
