<?xml version="1.0" encoding="UTF-8"?>
<!-- Generated by org.testng.reporters.JUnitReportReporter -->
<testsuite skipped="0" hostname="MainPc" name="website.Test_Privacy_Policy" tests="3" failures="0" timestamp="29 Dec 2016 09:46:18 GMT" time="21.809" errors="0">
  <testcase name="GoToMainHomePage" time="7.904" classname="website.Test_Privacy_Policy"/>
  <testcase name="PrivacyPolicy" time="10.837" classname="website.Test_Privacy_Policy"/>
  <testcase name="Close_Browser" time="3.068" classname="website.Test_Privacy_Policy"/>
</testsuite> <!-- website.Test_Privacy_Policy -->
