<?xml version="1.0" encoding="UTF-8"?>
<!-- Generated by org.testng.reporters.JUnitReportReporter -->
<testsuite skipped="0" hostname="MainPc" name="homePage.Home_Screen_Lower_Banner_Solutions" tests="29" failures="0" timestamp="1 Dec 2016 17:43:40 GMT" time="341.260" errors="0">
  <testcase name="mainPage_banner_click_Solutions_OfficeMoves" time="12.401" classname="homePage.Home_Screen_Lower_Banner_Solutions"/>
  <testcase name="mainPage_smartnumbers_business_services_cick_TwoNumbersOneMobile" time="13.356" classname="homePage.Home_Screen_Lower_Banner_Solutions"/>
  <testcase name="mainPage_smartnumbers_business_services_cick_FaceToFaceRecording" time="12.302" classname="homePage.Home_Screen_Lower_Banner_Solutions"/>
  <testcase name="mainPage_customer_testimonials_click_BT" time="12.298" classname="homePage.Home_Screen_Lower_Banner_Solutions"/>
  <testcase name="mainPage_customer_testimonials_click_NorthamptonBoroughCouncil" time="12.279" classname="homePage.Home_Screen_Lower_Banner_Solutions"/>
  <testcase name="mainPage_banner_click_Solutions_FaceToFaceRecording" time="12.364" classname="homePage.Home_Screen_Lower_Banner_Solutions"/>
  <testcase name="mainPage_customer_testimonials_click_Sainsburys" time="12.233" classname="homePage.Home_Screen_Lower_Banner_Solutions"/>
  <testcase name="mainPage_banner_click_AboutUs_Careers" time="12.353" classname="homePage.Home_Screen_Lower_Banner_Solutions"/>
  <testcase name="mainPage_banner_click_Solutions_CallRecording" time="12.260" classname="homePage.Home_Screen_Lower_Banner_Solutions"/>
  <testcase name="mainPage_banner_click_Partners_Overview" time="12.350" classname="homePage.Home_Screen_Lower_Banner_Solutions"/>
  <testcase name="mainPage_banner_click_AboutUs_SocialResponsibility" time="12.327" classname="homePage.Home_Screen_Lower_Banner_Solutions"/>
  <testcase name="mainPage_banner_click_Solutions_TwoNumbersOneMobile" time="12.568" classname="homePage.Home_Screen_Lower_Banner_Solutions"/>
  <testcase name="mainPage_customer_testimonials_click_Cambridgeshire" time="12.273" classname="homePage.Home_Screen_Lower_Banner_Solutions"/>
  <testcase name="navigateToSite" time="3.715" classname="homePage.Home_Screen_Lower_Banner_Solutions"/>
  <testcase name="mainPage_banner_click_AboutUs_Management" time="12.480" classname="homePage.Home_Screen_Lower_Banner_Solutions"/>
  <testcase name="mainPage_banner_click_Products_SmartnumbersCallRecording" time="12.333" classname="homePage.Home_Screen_Lower_Banner_Solutions"/>
  <testcase name="mainPage_banner_click_Products_SmartnumbersMobile" time="12.320" classname="homePage.Home_Screen_Lower_Banner_Solutions"/>
  <testcase name="mainPage_banner_click_Products_SmartnumbersFaceToFaceRecording" time="12.444" classname="homePage.Home_Screen_Lower_Banner_Solutions"/>
  <testcase name="mainPage_banner_click_AboutUs_News" time="12.984" classname="homePage.Home_Screen_Lower_Banner_Solutions"/>
  <testcase name="mainPage_banner_click_Partners_DistributionPartners" time="12.291" classname="homePage.Home_Screen_Lower_Banner_Solutions"/>
  <testcase name="mainPage_banner_click_Solutions_BusinessContinuity" time="12.239" classname="homePage.Home_Screen_Lower_Banner_Solutions"/>
  <testcase name="mainPage_smartnumbers_business_services_cick_BusinessContinuity" time="12.364" classname="homePage.Home_Screen_Lower_Banner_Solutions"/>
  <testcase name="mainPage_banner_click_Products_SmartnumbersControl" time="12.433" classname="homePage.Home_Screen_Lower_Banner_Solutions"/>
  <testcase name="mainPage_banner_click_AboutUs_Overview" time="12.360" classname="homePage.Home_Screen_Lower_Banner_Solutions"/>
  <testcase name="mainPage_banner_click_Products_Overview" time="12.418" classname="homePage.Home_Screen_Lower_Banner_Solutions"/>
  <testcase name="invoke_browser" time="2.157" classname="homePage.Home_Screen_Lower_Banner_Solutions"/>
  <testcase name="mainPage_banner_click_Partners_TechnologyPartners" time="12.384" classname="homePage.Home_Screen_Lower_Banner_Solutions"/>
  <testcase name="mainPage_banner_click_Solutions_Overview" time="12.476" classname="homePage.Home_Screen_Lower_Banner_Solutions"/>
  <testcase name="mainPage_smartnumbers_business_services_cick_CallRecording" time="12.498" classname="homePage.Home_Screen_Lower_Banner_Solutions"/>
</testsuite> <!-- homePage.Home_Screen_Lower_Banner_Solutions -->
