<?xml version="1.0" encoding="UTF-8"?>
<!-- Generated by org.testng.reporters.JUnitReportReporter -->
<testsuite skipped="0" hostname="MainPc" name="website.Test_Privacy_Policy" tests="3" failures="0" timestamp="18 Dec 2016 11:47:31 GMT" time="20.820" errors="0">
  <testcase name="close_browser" time="3.141" classname="website.Test_Privacy_Policy"/>
  <testcase name="privacyPolicy" time="9.925" classname="website.Test_Privacy_Policy"/>
  <testcase name="gotoMainHomePage" time="7.754" classname="website.Test_Privacy_Policy"/>
</testsuite> <!-- website.Test_Privacy_Policy -->
