<?xml version="1.0" encoding="UTF-8"?>
<!-- Generated by org.testng.reporters.JUnitReportReporter -->
<testsuite skipped="0" hostname="MainPc" name="website.Test_ResourcesPage" tests="28" failures="0" timestamp="12 Dec 2016 08:12:25 GMT" time="382.681" errors="0">
  <testcase name="keeping_you_in_control_during_sip_migration" time="14.293" classname="website.Test_ResourcesPage"/>
  <testcase name="one_public_estate_for_number_management_success_stories" time="14.393" classname="website.Test_ResourcesPage"/>
  <testcase name="smartnumbers_face_to_face_recording_datasheet" time="14.228" classname="website.Test_ResourcesPage"/>
  <testcase name="sustainability_and_the_corporate_mobile_ebook" time="14.200" classname="website.Test_ResourcesPage"/>
  <testcase name="compliant_mobile_call_recording_solution_brief" time="14.336" classname="website.Test_ResourcesPage"/>
  <testcase name="mifid_ebook" time="14.342" classname="website.Test_ResourcesPage"/>
  <testcase name="legal_sector_industry_brief" time="14.171" classname="website.Test_ResourcesPage"/>
  <testcase name="goto_resources_page" time="7.224" classname="website.Test_ResourcesPage"/>
  <testcase name="recording_conversations_under_mifid_a_quick_guide_to_compliance" time="14.352" classname="website.Test_ResourcesPage"/>
  <testcase name="top_5_benifits_of_smartnumbers_for_fixed_line_telephony" time="14.216" classname="website.Test_ResourcesPage"/>
  <testcase name="the_enterprise_mobile_for_sales_organisations" time="15.532" classname="website.Test_ResourcesPage"/>
  <testcase name="protect_critical_numbers_solution_brief" time="14.173" classname="website.Test_ResourcesPage"/>
  <testcase name="public_sector_industry_brief" time="14.295" classname="website.Test_ResourcesPage"/>
  <testcase name="insurance_industry_brief" time="14.211" classname="website.Test_ResourcesPage"/>
  <testcase name="de_risk_office_moves_solution_brief" time="14.223" classname="website.Test_ResourcesPage"/>
  <testcase name="one_public_estate_maintaining_business_continuity_during_estate_rationalisation" time="14.235" classname="website.Test_ResourcesPage"/>
  <testcase name="smart_guide_to_the_costs_and_risks_of_allowing_business_and_personal_calls_on_one_phone" time="14.240" classname="website.Test_ResourcesPage"/>
  <testcase name="close_browser" time="3.066" classname="website.Test_ResourcesPage"/>
  <testcase name="how_smartnumbers_puts_you_in_control_of_your_communications" time="14.276" classname="website.Test_ResourcesPage"/>
  <testcase name="mifid_smart_guide_to_mobile_call_recording" time="14.211" classname="website.Test_ResourcesPage"/>
  <testcase name="byod_voice_the_lost_piece_of_the_byod_puzzle" time="14.545" classname="website.Test_ResourcesPage"/>
  <testcase name="smartnumbers_control_datasheet" time="14.187" classname="website.Test_ResourcesPage"/>
  <testcase name="five_questions_to_ask_when_moving_your_telecoms_to_new_premises" time="14.236" classname="website.Test_ResourcesPage"/>
  <testcase name="byod_voice_made_easy_solution_brief" time="14.546" classname="website.Test_ResourcesPage"/>
  <testcase name="face_to_face_recording_for_financial_services_a_growing_imperative" time="14.382" classname="website.Test_ResourcesPage"/>
  <testcase name="mobile_call_recording_ebook" time="14.193" classname="website.Test_ResourcesPage"/>
  <testcase name="smartnumbers_call_recording_datasheet" time="14.157" classname="website.Test_ResourcesPage"/>
  <testcase name="smartnumbers_mobile_datasheet" time="14.218" classname="website.Test_ResourcesPage"/>
</testsuite> <!-- website.Test_ResourcesPage -->
