<?xml version="1.0" encoding="UTF-8"?>
<!-- Generated by org.testng.reporters.JUnitReportReporter -->
<testsuite skipped="0" hostname="MainPc" name="website.Test_HomePage_CustomerTestimonials" tests="6" failures="0" timestamp="21 Dec 2016 10:30:28 GMT" time="65.547" errors="0">
  <testcase name="MainPage_CustomerTestimonials_Click_Sainsburys" time="13.590" classname="website.Test_HomePage_CustomerTestimonials"/>
  <testcase name="GoTo_HomePage" time="7.978" classname="website.Test_HomePage_CustomerTestimonials"/>
  <testcase name="MainPage_CustomerTestimonials_Click_Cambridgeshire" time="13.687" classname="website.Test_HomePage_CustomerTestimonials"/>
  <testcase name="MainPage_CustomerTestimonials_Click_NorthamptonBoroughCouncil" time="13.527" classname="website.Test_HomePage_CustomerTestimonials"/>
  <testcase name="Close_Browser" time="3.053" classname="website.Test_HomePage_CustomerTestimonials"/>
  <testcase name="MainPage_CustomerTestimonials_Click_BT" time="13.712" classname="website.Test_HomePage_CustomerTestimonials"/>
</testsuite> <!-- website.Test_HomePage_CustomerTestimonials -->
