<?xml version="1.0" encoding="UTF-8"?>
<!-- Generated by org.testng.reporters.JUnitReportReporter -->
<testsuite skipped="0" hostname="MainPc" name="website.Test_Privacy_Policy" tests="3" failures="0" timestamp="21 Dec 2016 10:25:33 GMT" time="20.288" errors="0">
  <testcase name="privacyPolicy" time="9.945" classname="website.Test_Privacy_Policy"/>
  <testcase name="gotoMainHomePage" time="7.339" classname="website.Test_Privacy_Policy"/>
  <testcase name="close_browser" time="3.004" classname="website.Test_Privacy_Policy"/>
</testsuite> <!-- website.Test_Privacy_Policy -->
