<?xml version="1.0" encoding="UTF-8"?>
<!-- Generated by org.testng.reporters.JUnitReportReporter -->
<testsuite skipped="0" hostname="MainPc" name="website.Test_HomePage_MenueOptions" tests="24" failures="0" timestamp="19 Dec 2016 20:20:54 GMT" time="464.518" errors="0">
  <testcase name="AboutUs_Resources" time="17.321" classname="website.Test_HomePage_MenueOptions"/>
  <testcase name="products_Overview" time="18.114" classname="website.Test_HomePage_MenueOptions"/>
  <testcase name="solutionsMenu_OfficeMoves" time="17.033" classname="website.Test_HomePage_MenueOptions"/>
  <testcase name="partners_Overview" time="17.346" classname="website.Test_HomePage_MenueOptions"/>
  <testcase name="products_SmartnumbersControl" time="18.051" classname="website.Test_HomePage_MenueOptions"/>
  <testcase name="AboutUs_News" time="20.317" classname="website.Test_HomePage_MenueOptions"/>
  <testcase name="partners_DistributionPartners" time="16.759" classname="website.Test_HomePage_MenueOptions"/>
  <testcase name="AboutUs_Overview" time="17.727" classname="website.Test_HomePage_MenueOptions"/>
  <testcase name="solutionsMenue_overview" time="18.047" classname="website.Test_HomePage_MenueOptions"/>
  <testcase name="AboutUs_Blog" time="17.904" classname="website.Test_HomePage_MenueOptions"/>
  <testcase name="AboutUs_Careers" time="17.678" classname="website.Test_HomePage_MenueOptions"/>
  <testcase name="products_SmartnumbersMobile" time="17.893" classname="website.Test_HomePage_MenueOptions"/>
  <testcase name="PrivacyPolicy" time="18.417" classname="website.Test_HomePage_MenueOptions"/>
  <testcase name="solutionsMenue_TwoNumbersOneMobile" time="18.063" classname="website.Test_HomePage_MenueOptions"/>
  <testcase name="solutionsMenu_BusinessContinuity" time="18.780" classname="website.Test_HomePage_MenueOptions"/>
  <testcase name="partners_TechnologyPartners" time="19.047" classname="website.Test_HomePage_MenueOptions"/>
  <testcase name="AboutUs_SocialResponsibility" time="50.425" classname="website.Test_HomePage_MenueOptions"/>
  <testcase name="products_SmartnumbersCallRecording" time="17.373" classname="website.Test_HomePage_MenueOptions"/>
  <testcase name="TermsAndConditions" time="18.685" classname="website.Test_HomePage_MenueOptions"/>
  <testcase name="customers" time="17.382" classname="website.Test_HomePage_MenueOptions"/>
  <testcase name="AboutUs_Management" time="18.951" classname="website.Test_HomePage_MenueOptions"/>
  <testcase name="solutionsMenu_CallRecording" time="18.096" classname="website.Test_HomePage_MenueOptions"/>
  <testcase name="solutionsMenu_FaceToFaceRecording" time="17.758" classname="website.Test_HomePage_MenueOptions"/>
  <testcase name="products_SmartnumbersFaceToFaceRecording" time="17.351" classname="website.Test_HomePage_MenueOptions"/>
</testsuite> <!-- website.Test_HomePage_MenueOptions -->
