<?xml version="1.0" encoding="UTF-8"?>
<!-- Generated by org.testng.reporters.JUnitReportReporter -->
<testsuite skipped="0" hostname="MainPc" name="website.Test_HomePage_FindOutMoreOptions" tests="7" failures="0" timestamp="22 Dec 2016 12:50:01 GMT" time="66.444" errors="0">
  <testcase name="business_continuity_find_out_more" time="9.875" classname="website.Test_HomePage_FindOutMoreOptions"/>
  <testcase name="call_recording_find_out_more" time="10.473" classname="website.Test_HomePage_FindOutMoreOptions"/>
  <testcase name="two_numbers_one_mobile_find_out_more" time="10.602" classname="website.Test_HomePage_FindOutMoreOptions"/>
  <testcase name="face_to_face_find_out_more" time="10.599" classname="website.Test_HomePage_FindOutMoreOptions"/>
  <testcase name="office_move_find_out_more" time="13.924" classname="website.Test_HomePage_FindOutMoreOptions"/>
  <testcase name="goto_home_page_findout_more" time="7.907" classname="website.Test_HomePage_FindOutMoreOptions"/>
  <testcase name="close_browser" time="3.064" classname="website.Test_HomePage_FindOutMoreOptions"/>
</testsuite> <!-- website.Test_HomePage_FindOutMoreOptions -->
