<?xml version="1.0" encoding="UTF-8"?>
<!-- Generated by org.testng.reporters.JUnitReportReporter -->
<testsuite skipped="0" hostname="Main-Pc" name="homePage.homeScreen" tests="8" failures="0" timestamp="14 Nov 2016 06:53:22 GMT" time="62.461" errors="0">
  <testcase name="navigateToSite" time="2.389" classname="homePage.homeScreen"/>
  <testcase name="mainPage_banner_click_Solutions_TwoNumbersOneMobile" time="9.113" classname="homePage.homeScreen"/>
  <testcase name="launchBrowser" time="5.228" classname="homePage.homeScreen"/>
  <testcase name="mainPage_banner_click_Solutions_CallRecording" time="9.141" classname="homePage.homeScreen"/>
  <testcase name="mainPage_banner_click_Solutions_BusinessContinuity" time="9.252" classname="homePage.homeScreen"/>
  <testcase name="mainPage_banner_click_Solutions_FaceToFaceRecording" time="9.115" classname="homePage.homeScreen"/>
  <testcase name="mainPage_banner_click_Solutions_OfficeMoves" time="9.117" classname="homePage.homeScreen"/>
  <testcase name="mainPage_banner_click_Solutions_Overview" time="9.106" classname="homePage.homeScreen"/>
</testsuite> <!-- homePage.homeScreen -->
