<?xml version="1.0" encoding="UTF-8"?>
<!-- Generated by org.testng.reporters.JUnitReportReporter -->
<testsuite skipped="0" hostname="MainPc" name="website.Test_HomePage_LowerBanner" tests="30" failures="0" timestamp="12 Dec 2016 08:12:25 GMT" time="214.757" errors="0">
  <testcase name="mainPage_customer_testimonials_click_NorthamptonBoroughCouncil" time="7.504" classname="website.Test_HomePage_LowerBanner"/>
  <testcase name="mainPage_banner_click_Solutions_FaceToFaceRecording" time="7.586" classname="website.Test_HomePage_LowerBanner"/>
  <testcase name="mainPage_customer_testimonials_click_BT" time="7.447" classname="website.Test_HomePage_LowerBanner"/>
  <testcase name="mainPage_smartnumbers_business_services_cick_TwoNumbersOneMobile" time="7.617" classname="website.Test_HomePage_LowerBanner"/>
  <testcase name="mainPage_banner_click_Partners_Overview" time="7.526" classname="website.Test_HomePage_LowerBanner"/>
  <testcase name="mainPage_banner_click_Solutions_TwoNumbersOneMobile" time="7.560" classname="website.Test_HomePage_LowerBanner"/>
  <testcase name="mainPage_banner_click_Solutions_OfficeMoves" time="7.571" classname="website.Test_HomePage_LowerBanner"/>
  <testcase name="mainPage_smartnumbers_business_services_cick_CallRecording" time="7.622" classname="website.Test_HomePage_LowerBanner"/>
  <testcase name="invoke_browser" time="2.154" classname="website.Test_HomePage_LowerBanner"/>
  <testcase name="mainPage_banner_click_AboutUs_Careers" time="7.717" classname="website.Test_HomePage_LowerBanner"/>
  <testcase name="mainPage_banner_click_Partners_DistributionPartners" time="7.548" classname="website.Test_HomePage_LowerBanner"/>
  <testcase name="mainPage_banner_click_Solutions_BusinessContinuity" time="7.652" classname="website.Test_HomePage_LowerBanner"/>
  <testcase name="mainPage_customer_testimonials_click_Sainsburys" time="7.495" classname="website.Test_HomePage_LowerBanner"/>
  <testcase name="mainPage_banner_click_Products_SmartnumbersFaceToFaceRecording" time="7.575" classname="website.Test_HomePage_LowerBanner"/>
  <testcase name="close_browser" time="3.069" classname="website.Test_HomePage_LowerBanner"/>
  <testcase name="mainPage_banner_click_Products_SmartnumbersMobile" time="7.619" classname="website.Test_HomePage_LowerBanner"/>
  <testcase name="mainPage_banner_click_AboutUs_Management" time="7.572" classname="website.Test_HomePage_LowerBanner"/>
  <testcase name="mainPage_banner_click_Solutions_CallRecording" time="7.629" classname="website.Test_HomePage_LowerBanner"/>
  <testcase name="mainPage_smartnumbers_business_services_cick_BusinessContinuity" time="7.570" classname="website.Test_HomePage_LowerBanner"/>
  <testcase name="mainPage_banner_click_Solutions_Overview" time="7.595" classname="website.Test_HomePage_LowerBanner"/>
  <testcase name="mainPage_banner_click_Products_SmartnumbersCallRecording" time="7.569" classname="website.Test_HomePage_LowerBanner"/>
  <testcase name="mainPage_smartnumbers_business_services_cick_FaceToFaceRecording" time="7.905" classname="website.Test_HomePage_LowerBanner"/>
  <testcase name="mainPage_banner_click_AboutUs_Overview" time="8.509" classname="website.Test_HomePage_LowerBanner"/>
  <testcase name="navigateToSite" time="2.219" classname="website.Test_HomePage_LowerBanner"/>
  <testcase name="mainPage_customer_testimonials_click_Cambridgeshire" time="7.557" classname="website.Test_HomePage_LowerBanner"/>
  <testcase name="mainPage_banner_click_Partners_TechnologyPartners" time="7.595" classname="website.Test_HomePage_LowerBanner"/>
  <testcase name="mainPage_banner_click_AboutUs_News" time="8.402" classname="website.Test_HomePage_LowerBanner"/>
  <testcase name="mainPage_banner_click_Products_Overview" time="7.597" classname="website.Test_HomePage_LowerBanner"/>
  <testcase name="mainPage_banner_click_AboutUs_SocialResponsibility" time="7.543" classname="website.Test_HomePage_LowerBanner"/>
  <testcase name="mainPage_banner_click_Products_SmartnumbersControl" time="8.233" classname="website.Test_HomePage_LowerBanner"/>
</testsuite> <!-- website.Test_HomePage_LowerBanner -->
