<?xml version="1.0" encoding="UTF-8"?>
<!-- Generated by org.testng.reporters.JUnitReportReporter -->
<testsuite skipped="0" hostname="Main-Pc" name="common.CommonConfig" tests="1" failures="0" timestamp="12 Nov 2016 08:48:04 GMT" time="2.420" errors="0">
  <testcase name="launchBrowser" time="2.420" classname="common.CommonConfig"/>
</testsuite> <!-- common.CommonConfig -->
