<?xml version="1.0" encoding="UTF-8"?>
<!-- Generated by org.testng.reporters.JUnitReportReporter -->
<testsuite skipped="0" hostname="MainPc" name="website.Test_Products_OverviewPage" tests="5" failures="0" timestamp="12 Dec 2016 08:12:25 GMT" time="52.782" errors="0">
  <testcase name="Products_OverViewSmartnumbersControl__FindOutMore" time="10.847" classname="website.Test_Products_OverviewPage"/>
  <testcase name="gotoMainHomePage" time="7.543" classname="website.Test_Products_OverviewPage"/>
  <testcase name="Products_OverView_smartnumbersCallRecording_FindOutMore" time="11.431" classname="website.Test_Products_OverviewPage"/>
  <testcase name="Products_OverView_smartnumbersMobile_FindOutMore" time="10.736" classname="website.Test_Products_OverviewPage"/>
  <testcase name="Products_OverView_smartnumbersFaceToFace_FindOutMore" time="12.225" classname="website.Test_Products_OverviewPage"/>
</testsuite> <!-- website.Test_Products_OverviewPage -->
