<?xml version="1.0" encoding="UTF-8"?>
<!-- Generated by org.testng.reporters.JUnitReportReporter -->
<testsuite skipped="0" hostname="MainPc" name="website.Test_HomePage_FindOutMoreOptions" tests="7" failures="0" timestamp="21 Dec 2016 10:25:33 GMT" time="68.013" errors="0">
  <testcase name="business_continuity_find_out_more" time="10.590" classname="website.Test_HomePage_FindOutMoreOptions"/>
  <testcase name="call_recording_find_out_more" time="10.557" classname="website.Test_HomePage_FindOutMoreOptions"/>
  <testcase name="two_numbers_one_mobile_find_out_more" time="10.516" classname="website.Test_HomePage_FindOutMoreOptions"/>
  <testcase name="face_to_face_find_out_more" time="10.529" classname="website.Test_HomePage_FindOutMoreOptions"/>
  <testcase name="office_move_find_out_more" time="14.118" classname="website.Test_HomePage_FindOutMoreOptions"/>
  <testcase name="goto_home_page_findout_more" time="8.646" classname="website.Test_HomePage_FindOutMoreOptions"/>
  <testcase name="close_browser" time="3.057" classname="website.Test_HomePage_FindOutMoreOptions"/>
</testsuite> <!-- website.Test_HomePage_FindOutMoreOptions -->
