<?xml version="1.0" encoding="UTF-8"?>
<!-- Generated by org.testng.reporters.JUnitReportReporter -->
<testsuite skipped="0" hostname="MainPc" name="website.Test_HomePage_File_MenueOptions" tests="23" failures="0" timestamp="22 Dec 2016 12:50:01 GMT" time="400.681" errors="0">
  <testcase name="MainPage_FileMenu_Click_Partners_Overview" time="17.162" classname="website.Test_HomePage_File_MenueOptions"/>
  <testcase name="MainPage_FileMenu_Click_Products_SmartnumbersControl" time="16.482" classname="website.Test_HomePage_File_MenueOptions"/>
  <testcase name="MainPage_FileMenu_Click_TermsAndConditions" time="17.714" classname="website.Test_HomePage_File_MenueOptions"/>
  <testcase name="MainPage_FileMenu_Click_SolutionsMenu_BusinessContinuity" time="17.180" classname="website.Test_HomePage_File_MenueOptions"/>
  <testcase name="MainPage_FileMenu_Click_Products_SmartnumbersMobile" time="17.240" classname="website.Test_HomePage_File_MenueOptions"/>
  <testcase name="MainPage_FileMenu_Click_SolutionsMenue_OverviewOption" time="18.227" classname="website.Test_HomePage_File_MenueOptions"/>
  <testcase name="MainPage_FileMenu_Click_AboutUs_News" time="17.884" classname="website.Test_HomePage_File_MenueOptions"/>
  <testcase name="MainPage_FileMenu_Click_AboutUs_SocialResponsibility" time="17.291" classname="website.Test_HomePage_File_MenueOptions"/>
  <testcase name="MainPage_FileMenu_Click_SolutionsMenu_FaceToFaceRecording" time="17.366" classname="website.Test_HomePage_File_MenueOptions"/>
  <testcase name="MainPage_FileMenu_Click_Partners_DistributionPartners" time="17.529" classname="website.Test_HomePage_File_MenueOptions"/>
  <testcase name="MainPage_FileMenu_Click_AboutUs_Resources" time="18.080" classname="website.Test_HomePage_File_MenueOptions"/>
  <testcase name="MainPage_FileMenu_Click_Customers" time="17.227" classname="website.Test_HomePage_File_MenueOptions"/>
  <testcase name="MainPage_FileMenu_Click_AboutUs_Blog" time="17.256" classname="website.Test_HomePage_File_MenueOptions"/>
  <testcase name="MainPage_FileMenu_Click_SolutionsMenu_OfficeMoves" time="17.261" classname="website.Test_HomePage_File_MenueOptions"/>
  <testcase name="MainPage_FileMenu_Click_SolutionsMenue_TwoNumbersOneMobile" time="17.558" classname="website.Test_HomePage_File_MenueOptions"/>
  <testcase name="MainPage_FileMenu_Click_AboutUs_Careers" time="17.271" classname="website.Test_HomePage_File_MenueOptions"/>
  <testcase name="MainPage_FileMenu_Click_Partners_TechnologyPartners" time="17.225" classname="website.Test_HomePage_File_MenueOptions"/>
  <testcase name="MainPage_FileMenu_Click_Products_SmartnumbersFaceToFaceRecording" time="17.249" classname="website.Test_HomePage_File_MenueOptions"/>
  <testcase name="MainPage_FileMenu_Click_Products_Overview" time="17.256" classname="website.Test_HomePage_File_MenueOptions"/>
  <testcase name="MainPage_FileMenu_Click_AboutUs_Overview" time="18.088" classname="website.Test_HomePage_File_MenueOptions"/>
  <testcase name="MainPage_FileMenu_Click_Products_SmartnumbersCallRecording" time="17.373" classname="website.Test_HomePage_File_MenueOptions"/>
  <testcase name="MainPage_FileMenu_Click_AboutUs_Management" time="17.487" classname="website.Test_HomePage_File_MenueOptions"/>
  <testcase name="MainPage_FileMenu_Click_SolutionsMenu_CallRecording" time="17.275" classname="website.Test_HomePage_File_MenueOptions"/>
</testsuite> <!-- website.Test_HomePage_File_MenueOptions -->
